<?xml version="1.0" encoding="UTF-8"?>
<!-- Generated by org.testng.reporters.JUnitReportReporter -->
<testsuite hostname="DESKTOP-V31FLPB" failures="0" tests="1" name="testpkg.pagefactorytest" time="7.467" errors="0" timestamp="2023-11-01T15:35:15 IST" skipped="0">
  <testcase classname="testpkg.pagefactorytest" name="test1" time="7.467"/>
  <system-out/>
</testsuite> <!-- testpkg.pagefactorytest -->
