<?xml version="1.0" encoding="UTF-8"?>
<!-- Generated by org.testng.reporters.JUnitReportReporter -->
<testsuite hostname="DESKTOP-V31FLPB" failures="0" tests="1" name="Testngpkg.Copypaste" time="0.671" errors="0" timestamp="2023-10-19T15:16:34 IST" skipped="0">
  <testcase classname="Testngpkg.Copypaste" name="test1" time="0.671"/>
  <system-out/>
</testsuite> <!-- Testngpkg.Copypaste -->
