<?xml version="1.0" encoding="UTF-8"?>
<!-- Generated by org.testng.reporters.JUnitReportReporter -->
<testsuite hostname="DESKTOP-V31FLPB" failures="0" tests="1" name="Testngpkg.Datepicker" time="2.166" errors="0" timestamp="2023-10-31T13:51:06 IST" skipped="0">
  <testcase classname="Testngpkg.Datepicker" name="datepicker" time="2.166"/>
  <system-out/>
</testsuite> <!-- Testngpkg.Datepicker -->
