<?xml version="1.0" encoding="UTF-8"?>
<!-- Generated by org.testng.reporters.JUnitReportReporter -->
<testsuite hostname="DESKTOP-V31FLPB" failures="0" tests="1" name="testpkg.fblogintest" time="18.683" errors="0" timestamp="2023-11-01T15:11:42 IST" skipped="0">
  <testcase classname="testpkg.fblogintest" name="test1" time="18.683"/>
  <system-out/>
</testsuite> <!-- testpkg.fblogintest -->
