<?xml version="1.0" encoding="UTF-8"?>
<!-- Generated by org.testng.reporters.JUnitReportReporter -->
<testsuite hostname="DESKTOP-V31FLPB" failures="0" tests="1" name="junitpkg.Scrolldownamazone" time="5.497" errors="0" timestamp="2023-11-07T19:06:01 IST" skipped="0">
  <testcase classname="junitpkg.Scrolldownamazone" name="test" time="5.497"/>
  <system-out/>
</testsuite> <!-- junitpkg.Scrolldownamazone -->
