<?xml version="1.0" encoding="UTF-8"?>
<!-- Generated by org.testng.reporters.JUnitReportReporter -->
<testsuite hostname="DESKTOP-V31FLPB" failures="0" tests="1" name="Testngpkg.JDjava" time="46.484" errors="0" timestamp="2023-11-16T10:45:07 IST" skipped="0">
  <testcase classname="Testngpkg.JDjava" name="test1" time="46.484"/>
  <system-out/>
</testsuite> <!-- Testngpkg.JDjava -->
