<?xml version="1.0" encoding="UTF-8"?>
<!-- Generated by org.testng.reporters.JUnitReportReporter -->
<testsuite hostname="DESKTOP-V31FLPB" failures="0" tests="4" name="Testngpkg.Gropingdemo" time="0.034" errors="0" timestamp="2023-10-19T12:58:14 IST" skipped="0">
  <testcase classname="Testngpkg.Gropingdemo" name="test1" time="0.017"/>
  <system-out/>
  <testcase classname="Testngpkg.Gropingdemo" name="test3" time="0.003"/>
  <system-out/>
  <testcase classname="Testngpkg.Gropingdemo" name="test5" time="0.011"/>
  <system-out/>
  <testcase classname="Testngpkg.Gropingdemo" name="test4" time="0.003"/>
  <system-out/>
</testsuite> <!-- Testngpkg.Gropingdemo -->
