<?xml version="1.0" encoding="UTF-8"?>
<!-- Generated by org.testng.reporters.JUnitReportReporter -->
<testsuite hostname="DESKTOP-V31FLPB" failures="0" tests="1" name="Testngpkg.Demoprgm" time="1.103" errors="0" timestamp="2023-10-20T14:50:37 IST" skipped="0">
  <testcase classname="Testngpkg.Demoprgm" name="test1" time="1.103"/>
  <system-out/>
</testsuite> <!-- Testngpkg.Demoprgm -->
