<?xml version="1.0" encoding="UTF-8"?>
<!-- Generated by org.testng.reporters.JUnitReportReporter -->
<testsuite hostname="DESKTOP-V31FLPB" failures="0" tests="1" name="Testngpkg.fileappload" time="2.749" errors="0" timestamp="2023-10-25T15:31:54 IST" skipped="0">
  <testcase classname="Testngpkg.fileappload" name="test" time="2.749"/>
  <system-out/>
</testsuite> <!-- Testngpkg.fileappload -->
