<?xml version="1.0" encoding="UTF-8"?>
<!-- Generated by org.testng.reporters.JUnitReportReporter -->
<testsuite hostname="DESKTOP-V31FLPB" failures="0" tests="1" name="Testngpkg.windowhandler" time="22.038" errors="0" timestamp="2023-11-16T10:59:10 IST" skipped="0">
  <testcase classname="Testngpkg.windowhandler" name="test" time="22.038"/>
  <system-out/>
</testsuite> <!-- Testngpkg.windowhandler -->
