<?xml version="1.0" encoding="UTF-8"?>
<!-- Generated by org.testng.reporters.JUnitReportReporter -->
<testsuite hostname="DESKTOP-V31FLPB" failures="0" tests="1" name="Testngpkg.Draganddrop" time="0.758" errors="0" timestamp="2023-10-25T15:02:38 IST" skipped="0">
  <testcase classname="Testngpkg.Draganddrop" name="test1" time="0.758"/>
  <system-out/>
</testsuite> <!-- Testngpkg.Draganddrop -->
