<?xml version="1.0" encoding="UTF-8"?>
<!-- Generated by org.testng.reporters.JUnitReportReporter -->
<testsuite hostname="DESKTOP-V31FLPB" failures="0" tests="1" name="Testngpkg.Fileuploadrobot" time="38.544" errors="0" timestamp="2023-10-26T21:13:04 IST" skipped="0">
  <testcase classname="Testngpkg.Fileuploadrobot" name="fileuploadpgm" time="38.544"/>
  <system-out/>
</testsuite> <!-- Testngpkg.Fileuploadrobot -->
