<?xml version="1.0" encoding="UTF-8"?>
<!-- Generated by org.testng.reporters.JUnitReportReporter -->
<testsuite hostname="DESKTOP-V31FLPB" failures="0" tests="1" name="Testngpkg.Google" time="6.253" errors="0" timestamp="2023-10-19T14:55:54 IST" skipped="0">
  <testcase classname="Testngpkg.Google" name="test1" time="6.253"/>
  <system-out/>
</testsuite> <!-- Testngpkg.Google -->
