<?xml version="1.0" encoding="UTF-8"?>
<!-- Generated by org.testng.reporters.JUnitReportReporter -->
<testsuite hostname="DESKTOP-V31FLPB" failures="0" tests="3" name="Testngpkg.Crossbrowserprgm" time="62.202" errors="0" timestamp="2023-10-25T14:49:36 IST" skipped="0">
  <testcase classname="Testngpkg.Crossbrowserprgm" name="test1" time="35.828"/>
  <system-out/>
  <testcase classname="Testngpkg.Crossbrowserprgm" name="test1" time="22.254"/>
  <system-out/>
  <testcase classname="Testngpkg.Crossbrowserprgm" name="test1" time="4.120"/>
  <system-out/>
</testsuite> <!-- Testngpkg.Crossbrowserprgm -->
