<?xml version="1.0" encoding="UTF-8"?>
<!-- Generated by org.testng.reporters.JUnitReportReporter -->
<testsuite hostname="DESKTOP-V31FLPB" failures="0" tests="1" name="Testngpkg.parametertest" time="0.013" errors="0" timestamp="2023-10-19T14:29:39 IST" skipped="0">
  <testcase classname="Testngpkg.parametertest" name="test" time="0.013"/>
  <system-out/>
</testsuite> <!-- Testngpkg.parametertest -->
