<?xml version="1.0" encoding="UTF-8"?>
<!-- Generated by org.testng.reporters.JUnitReportReporter -->
<testsuite hostname="DESKTOP-V31FLPB" failures="0" tests="4" name="Testngpkg.Testingdemo" time="0.023" errors="0" timestamp="2023-10-19T12:22:04 IST" skipped="0">
  <testcase classname="Testngpkg.Testingdemo" name="test2" time="0.005"/>
  <system-out/>
  <testcase classname="Testngpkg.Testingdemo" name="test2" time="0.005"/>
  <system-out/>
  <testcase classname="Testngpkg.Testingdemo" name="test2" time="0.004"/>
  <system-out/>
  <testcase classname="Testngpkg.Testingdemo" name="test1" time="0.009"/>
  <system-out/>
</testsuite> <!-- Testngpkg.Testingdemo -->
